<?xml version="1.0" encoding="UTF-8"?>
<!-- Generated by org.testng.reporters.JUnitXMLReporter -->
<testsuite ignored="0" hostname="DESKTOP-MVHKLV0" failures="0" tests="2" name="Default test" time="15.863" errors="0" timestamp="23 Nov 2023 17:17:58 GMT">
  <testcase classname="com.genpact.stepdefinition.TestNG_Test_Listeners" name="Open_Browser" time="5.36"/>
  <testcase classname="com.genpact.stepdefinition.TestNG_Test_Listeners" name="Valid_Login" time="10.482"/>
</testsuite> <!-- Default test -->
