<?xml version="1.0" encoding="UTF-8"?>
<!-- Generated by org.testng.reporters.JUnitXMLReporter -->
<testsuite ignored="0" hostname="DESKTOP-MVHKLV0" failures="0" tests="2" name="Default test" time="0.021" errors="0" timestamp="24 Nov 2023 18:07:11 GMT">
  <testcase classname="com.genpact.stepdefinition.TestNG_ParallelExecution_Method" name="Test_Method_1" time="0.007"/>
  <testcase classname="com.genpact.stepdefinition.TestNG_ParallelExecution_Method" name="Test_Method_2" time="0.001"/>
</testsuite> <!-- Default test -->
