<?xml version="1.0" encoding="UTF-8"?>
<!-- Generated by org.testng.reporters.JUnitXMLReporter -->
<testsuite ignored="3" hostname="DESKTOP-MVHKLV0" failures="0" tests="1" name="Gruops" time="0.02" errors="0" timestamp="24 Nov 2023 18:24:18 GMT">
  <testcase classname="com.genpact.stepdefinition.TestNG_Groups" name="TestCase_Two" time="0.006"/>
  <testcase classname="com.genpact.stepdefinition.TestNG_Groups" name="TestCase_One" time="0.0">
    <ignored/>
  </testcase> <!-- TestCase_One -->
  <testcase classname="com.genpact.stepdefinition.TestNG_Groups" name="Testcase_Four" time="0.0">
    <ignored/>
  </testcase> <!-- Testcase_Four -->
  <testcase classname="com.genpact.stepdefinition.TestNG_Groups" name="TestCase_Three" time="0.0">
    <ignored/>
  </testcase> <!-- TestCase_Three -->
</testsuite> <!-- Gruops -->
