<?xml version="1.0" encoding="UTF-8"?>
<!-- Generated by org.testng.reporters.JUnitXMLReporter -->
<testsuite ignored="1" hostname="DESKTOP-MVHKLV0" failures="0" tests="2" name="Test" time="0.021" errors="0" timestamp="24 Nov 2023 18:41:42 GMT">
  <testcase classname="com.genpact.stepdefinition.TestNG_Include_Exclude" name="TestCase_AddDep" time="0.007"/>
  <testcase classname="com.genpact.stepdefinition.TestNG_Include_Exclude" name="TestCase_AddLocation" time="0.0"/>
  <testcase classname="com.genpact.stepdefinition.TestNG_Include_Exclude" name="TestCase_AddEmp" time="0.0">
    <ignored/>
  </testcase> <!-- TestCase_AddEmp -->
</testsuite> <!-- Test -->
