{"name":"Verify LoginPage with Valid Credentials","status":"broken","statusDetails":{"known":false,"muted":false,"flaky":false,"message":"session not created: This version of ChromeDriver only supports Chrome version 106\nCurrent browser version is 118.0.5993.71 with binary path C:\\Program Files\\Google\\Chrome\\Application\\chrome.exe\nBuild info: version: '3.141.59', revision: 'e82be7d358', time: '2018-11-14T08:17:03'\nSystem info: host: 'DESKTOP-MVHKLV0', ip: '192.168.1.10', os.name: 'Windows 11', os.arch: 'amd64', os.version: '10.0', java.version: '17.0.8'\nDriver info: driver.version: ChromeDriver\nremote stacktrace: Backtrace:\n\tOrdinal0 [0x00911ED3+2236115]\n\tOrdinal0 [0x008A92F1+1807089]\n\tOrdinal0 [0x007B66FD+812797]\n\tOrdinal0 [0x007D8C6D+953453]\n\tOrdinal0 [0x007D4200+934400]\n\tOrdinal0 [0x007D19C9+924105]\n\tOrdinal0 [0x0080806C+1146988]\n\tOrdinal0 [0x00807A6A+1145450]\n\tOrdinal0 [0x008018A6+1120422]\n\tOrdinal0 [0x007DA73D+960317]\n\tOrdinal0 [0x007DB71F+964383]\n\tGetHandleVerifier [0x00BBE7E2+2743074]\n\tGetHandleVerifier [0x00BB08D4+2685972]\n\tGetHandleVerifier [0x009A2BAA+532202]\n\tGetHandleVerifier [0x009A1990+527568]\n\tOrdinal0 [0x008B080C+1837068]\n\tOrdinal0 [0x008B4CD8+1854680]\n\tOrdinal0 [0x008B4DC5+1854917]\n\tOrdinal0 [0x008BED64+1895780]\n\tBaseThreadInitThunk [0x75FA7BA9+25]\n\tRtlInitializeExceptionChain [0x777BBD3B+107]\n\tRtlClearBits [0x777BBCBF+191]\n","trace":"org.openqa.selenium.SessionNotCreatedException: session not created: This version of ChromeDriver only supports Chrome version 106\nCurrent browser version is 118.0.5993.71 with binary path C:\\Program Files\\Google\\Chrome\\Application\\chrome.exe\nBuild info: version: '3.141.59', revision: 'e82be7d358', time: '2018-11-14T08:17:03'\nSystem info: host: 'DESKTOP-MVHKLV0', ip: '192.168.1.10', os.name: 'Windows 11', os.arch: 'amd64', os.version: '10.0', java.version: '17.0.8'\nDriver info: driver.version: ChromeDriver\nremote stacktrace: Backtrace:\n\tOrdinal0 [0x00911ED3+2236115]\n\tOrdinal0 [0x008A92F1+1807089]\n\tOrdinal0 [0x007B66FD+812797]\n\tOrdinal0 [0x007D8C6D+953453]\n\tOrdinal0 [0x007D4200+934400]\n\tOrdinal0 [0x007D19C9+924105]\n\tOrdinal0 [0x0080806C+1146988]\n\tOrdinal0 [0x00807A6A+1145450]\n\tOrdinal0 [0x008018A6+1120422]\n\tOrdinal0 [0x007DA73D+960317]\n\tOrdinal0 [0x007DB71F+964383]\n\tGetHandleVerifier [0x00BBE7E2+2743074]\n\tGetHandleVerifier [0x00BB08D4+2685972]\n\tGetHandleVerifier [0x009A2BAA+532202]\n\tGetHandleVerifier [0x009A1990+527568]\n\tOrdinal0 [0x008B080C+1837068]\n\tOrdinal0 [0x008B4CD8+1854680]\n\tOrdinal0 [0x008B4DC5+1854917]\n\tOrdinal0 [0x008BED64+1895780]\n\tBaseThreadInitThunk [0x75FA7BA9+25]\n\tRtlInitializeExceptionChain [0x777BBD3B+107]\n\tRtlClearBits [0x777BBCBF+191]\n\r\n\tat java.base/jdk.internal.reflect.NativeConstructorAccessorImpl.newInstance0(Native Method)\r\n\tat java.base/jdk.internal.reflect.NativeConstructorAccessorImpl.newInstance(NativeConstructorAccessorImpl.java:77)\r\n\tat java.base/jdk.internal.reflect.DelegatingConstructorAccessorImpl.newInstance(DelegatingConstructorAccessorImpl.java:45)\r\n\tat java.base/java.lang.reflect.Constructor.newInstanceWithCaller(Constructor.java:499)\r\n\tat java.base/java.lang.reflect.Constructor.newInstance(Constructor.java:480)\r\n\tat org.openqa.selenium.remote.W3CHandshakeResponse.lambda$errorHandler$0(W3CHandshakeResponse.java:62)\r\n\tat org.openqa.selenium.remote.HandshakeResponse.lambda$getResponseFunction$0(HandshakeResponse.java:30)\r\n\tat org.openqa.selenium.remote.ProtocolHandshake.lambda$createSession$0(ProtocolHandshake.java:126)\r\n\tat java.base/java.util.stream.ReferencePipeline$3$1.accept(ReferencePipeline.java:197)\r\n\tat java.base/java.util.Spliterators$ArraySpliterator.tryAdvance(Spliterators.java:1002)\r\n\tat java.base/java.util.stream.ReferencePipeline.forEachWithCancel(ReferencePipeline.java:129)\r\n\tat java.base/java.util.stream.AbstractPipeline.copyIntoWithCancel(AbstractPipeline.java:527)\r\n\tat java.base/java.util.stream.AbstractPipeline.copyInto(AbstractPipeline.java:513)\r\n\tat java.base/java.util.stream.AbstractPipeline.wrapAndCopyInto(AbstractPipeline.java:499)\r\n\tat java.base/java.util.stream.FindOps$FindOp.evaluateSequential(FindOps.java:150)\r\n\tat java.base/java.util.stream.AbstractPipeline.evaluate(AbstractPipeline.java:234)\r\n\tat java.base/java.util.stream.ReferencePipeline.findFirst(ReferencePipeline.java:647)\r\n\tat org.openqa.selenium.remote.ProtocolHandshake.createSession(ProtocolHandshake.java:128)\r\n\tat org.openqa.selenium.remote.ProtocolHandshake.createSession(ProtocolHandshake.java:74)\r\n\tat org.openqa.selenium.remote.HttpCommandExecutor.execute(HttpCommandExecutor.java:136)\r\n\tat org.openqa.selenium.remote.service.DriverCommandExecutor.execute(DriverCommandExecutor.java:83)\r\n\tat org.openqa.selenium.remote.RemoteWebDriver.execute(RemoteWebDriver.java:552)\r\n\tat org.openqa.selenium.remote.RemoteWebDriver.startSession(RemoteWebDriver.java:213)\r\n\tat org.openqa.selenium.remote.RemoteWebDriver.<init>(RemoteWebDriver.java:131)\r\n\tat org.openqa.selenium.chrome.ChromeDriver.<init>(ChromeDriver.java:181)\r\n\tat org.openqa.selenium.chrome.ChromeDriver.<init>(ChromeDriver.java:168)\r\n\tat org.openqa.selenium.chrome.ChromeDriver.<init>(ChromeDriver.java:123)\r\n\tat com.genpact.stepdefinition.TestScript_Login.open_url_and_start_application(TestScript_Login.java:29)\r\n\tat ✽.Open url and start application(file:src/test/resources/features/Login.feature:6)\r\n"},"stage":"finished","steps":[{"name":"Given  Open url and start application","status":"broken","statusDetails":{"known":false,"muted":false,"flaky":false,"message":"session not created: This version of ChromeDriver only supports Chrome version 106\nCurrent browser version is 118.0.5993.71 with binary path C:\\Program Files\\Google\\Chrome\\Application\\chrome.exe\nBuild info: version: '3.141.59', revision: 'e82be7d358', time: '2018-11-14T08:17:03'\nSystem info: host: 'DESKTOP-MVHKLV0', ip: '192.168.1.10', os.name: 'Windows 11', os.arch: 'amd64', os.version: '10.0', java.version: '17.0.8'\nDriver info: driver.version: ChromeDriver\nremote stacktrace: Backtrace:\n\tOrdinal0 [0x00911ED3+2236115]\n\tOrdinal0 [0x008A92F1+1807089]\n\tOrdinal0 [0x007B66FD+812797]\n\tOrdinal0 [0x007D8C6D+953453]\n\tOrdinal0 [0x007D4200+934400]\n\tOrdinal0 [0x007D19C9+924105]\n\tOrdinal0 [0x0080806C+1146988]\n\tOrdinal0 [0x00807A6A+1145450]\n\tOrdinal0 [0x008018A6+1120422]\n\tOrdinal0 [0x007DA73D+960317]\n\tOrdinal0 [0x007DB71F+964383]\n\tGetHandleVerifier [0x00BBE7E2+2743074]\n\tGetHandleVerifier [0x00BB08D4+2685972]\n\tGetHandleVerifier [0x009A2BAA+532202]\n\tGetHandleVerifier [0x009A1990+527568]\n\tOrdinal0 [0x008B080C+1837068]\n\tOrdinal0 [0x008B4CD8+1854680]\n\tOrdinal0 [0x008B4DC5+1854917]\n\tOrdinal0 [0x008BED64+1895780]\n\tBaseThreadInitThunk [0x75FA7BA9+25]\n\tRtlInitializeExceptionChain [0x777BBD3B+107]\n\tRtlClearBits [0x777BBCBF+191]\n","trace":"org.openqa.selenium.SessionNotCreatedException: session not created: This version of ChromeDriver only supports Chrome version 106\nCurrent browser version is 118.0.5993.71 with binary path C:\\Program Files\\Google\\Chrome\\Application\\chrome.exe\nBuild info: version: '3.141.59', revision: 'e82be7d358', time: '2018-11-14T08:17:03'\nSystem info: host: 'DESKTOP-MVHKLV0', ip: '192.168.1.10', os.name: 'Windows 11', os.arch: 'amd64', os.version: '10.0', java.version: '17.0.8'\nDriver info: driver.version: ChromeDriver\nremote stacktrace: Backtrace:\n\tOrdinal0 [0x00911ED3+2236115]\n\tOrdinal0 [0x008A92F1+1807089]\n\tOrdinal0 [0x007B66FD+812797]\n\tOrdinal0 [0x007D8C6D+953453]\n\tOrdinal0 [0x007D4200+934400]\n\tOrdinal0 [0x007D19C9+924105]\n\tOrdinal0 [0x0080806C+1146988]\n\tOrdinal0 [0x00807A6A+1145450]\n\tOrdinal0 [0x008018A6+1120422]\n\tOrdinal0 [0x007DA73D+960317]\n\tOrdinal0 [0x007DB71F+964383]\n\tGetHandleVerifier [0x00BBE7E2+2743074]\n\tGetHandleVerifier [0x00BB08D4+2685972]\n\tGetHandleVerifier [0x009A2BAA+532202]\n\tGetHandleVerifier [0x009A1990+527568]\n\tOrdinal0 [0x008B080C+1837068]\n\tOrdinal0 [0x008B4CD8+1854680]\n\tOrdinal0 [0x008B4DC5+1854917]\n\tOrdinal0 [0x008BED64+1895780]\n\tBaseThreadInitThunk [0x75FA7BA9+25]\n\tRtlInitializeExceptionChain [0x777BBD3B+107]\n\tRtlClearBits [0x777BBCBF+191]\n\r\n\tat java.base/jdk.internal.reflect.NativeConstructorAccessorImpl.newInstance0(Native Method)\r\n\tat java.base/jdk.internal.reflect.NativeConstructorAccessorImpl.newInstance(NativeConstructorAccessorImpl.java:77)\r\n\tat java.base/jdk.internal.reflect.DelegatingConstructorAccessorImpl.newInstance(DelegatingConstructorAccessorImpl.java:45)\r\n\tat java.base/java.lang.reflect.Constructor.newInstanceWithCaller(Constructor.java:499)\r\n\tat java.base/java.lang.reflect.Constructor.newInstance(Constructor.java:480)\r\n\tat org.openqa.selenium.remote.W3CHandshakeResponse.lambda$errorHandler$0(W3CHandshakeResponse.java:62)\r\n\tat org.openqa.selenium.remote.HandshakeResponse.lambda$getResponseFunction$0(HandshakeResponse.java:30)\r\n\tat org.openqa.selenium.remote.ProtocolHandshake.lambda$createSession$0(ProtocolHandshake.java:126)\r\n\tat java.base/java.util.stream.ReferencePipeline$3$1.accept(ReferencePipeline.java:197)\r\n\tat java.base/java.util.Spliterators$ArraySpliterator.tryAdvance(Spliterators.java:1002)\r\n\tat java.base/java.util.stream.ReferencePipeline.forEachWithCancel(ReferencePipeline.java:129)\r\n\tat java.base/java.util.stream.AbstractPipeline.copyIntoWithCancel(AbstractPipeline.java:527)\r\n\tat java.base/java.util.stream.AbstractPipeline.copyInto(AbstractPipeline.java:513)\r\n\tat java.base/java.util.stream.AbstractPipeline.wrapAndCopyInto(AbstractPipeline.java:499)\r\n\tat java.base/java.util.stream.FindOps$FindOp.evaluateSequential(FindOps.java:150)\r\n\tat java.base/java.util.stream.AbstractPipeline.evaluate(AbstractPipeline.java:234)\r\n\tat java.base/java.util.stream.ReferencePipeline.findFirst(ReferencePipeline.java:647)\r\n\tat org.openqa.selenium.remote.ProtocolHandshake.createSession(ProtocolHandshake.java:128)\r\n\tat org.openqa.selenium.remote.ProtocolHandshake.createSession(ProtocolHandshake.java:74)\r\n\tat org.openqa.selenium.remote.HttpCommandExecutor.execute(HttpCommandExecutor.java:136)\r\n\tat org.openqa.selenium.remote.service.DriverCommandExecutor.execute(DriverCommandExecutor.java:83)\r\n\tat org.openqa.selenium.remote.RemoteWebDriver.execute(RemoteWebDriver.java:552)\r\n\tat org.openqa.selenium.remote.RemoteWebDriver.startSession(RemoteWebDriver.java:213)\r\n\tat org.openqa.selenium.remote.RemoteWebDriver.<init>(RemoteWebDriver.java:131)\r\n\tat org.openqa.selenium.chrome.ChromeDriver.<init>(ChromeDriver.java:181)\r\n\tat org.openqa.selenium.chrome.ChromeDriver.<init>(ChromeDriver.java:168)\r\n\tat org.openqa.selenium.chrome.ChromeDriver.<init>(ChromeDriver.java:123)\r\n\tat com.genpact.stepdefinition.TestScript_Login.open_url_and_start_application(TestScript_Login.java:29)\r\n\tat ✽.Open url and start application(file:src/test/resources/features/Login.feature:6)\r\n"},"stage":"finished","steps":[],"attachments":[],"parameters":[],"start":1697649572786,"stop":1697649574819},{"name":"When  User enters UserName and Password","status":"skipped","statusDetails":{"known":false,"muted":false,"flaky":false},"stage":"finished","steps":[],"attachments":[],"parameters":[],"start":1697649574820,"stop":1697649574820},{"name":"And  Message displayed Login Successfully","status":"skipped","statusDetails":{"known":false,"muted":false,"flaky":false},"stage":"finished","steps":[],"attachments":[],"parameters":[],"start":1697649574820,"stop":1697649574821},{"name":"Then  User LogOut from the Application","status":"skipped","statusDetails":{"known":false,"muted":false,"flaky":false},"stage":"finished","steps":[],"attachments":[],"parameters":[],"start":1697649574821,"stop":1697649574821},{"name":"Then  Message displayed LogOut Successfully","status":"skipped","statusDetails":{"known":false,"muted":false,"flaky":false},"stage":"finished","steps":[],"attachments":[],"parameters":[],"start":1697649574821,"stop":1697649574822}],"attachments":[],"parameters":[],"start":1697649572784,"stop":1697649574823,"uuid":"59091527-df51-4e56-b2be-895a5b7ec852","historyId":"5202366175f0c93c08f9fdb5a41d171a","fullName":"Verify HomePage: Verify LoginPage with Valid Credentials","labels":[{"name":"tag","value":"Regression"},{"name":"tag","value":"abc"},{"name":"tag","value":"TC_01"},{"name":"host","value":"DESKTOP-MVHKLV0"},{"name":"thread","value":"17100@DESKTOP-MVHKLV0.main(1)"},{"name":"feature","value":"Verify HomePage"},{"name":"story","value":"Verify LoginPage with Valid Credentials"},{"name":"package","value":"src.test.resources.features.Verify HomePage"},{"name":"suite","value":"Verify HomePage"},{"name":"testClass","value":"Verify LoginPage with Valid Credentials"},{"name":"framework","value":"cucumber4jvm"},{"name":"language","value":"java"},{"name":"gherkin_uri","value":"file:src/test/resources/features/Login.feature"}],"links":[]}