<?xml version="1.0" encoding="UTF-8"?>
<testng-results ignored="1" total="3" passed="2" failed="0" skipped="0">
  <reporter-output>
  </reporter-output>
  <suite started-at="2023-11-24T18:41:42Z" name="Suite" finished-at="2023-11-24T18:41:42Z" duration-ms="21">
    <groups>
    </groups>
    <test started-at="2023-11-24T18:41:42Z" name="Test" finished-at="2023-11-24T18:41:42Z" duration-ms="21">
      <class name="com.genpact.stepdefinition.TestNG_Include_Exclude">
        <test-method signature="TestCase_AddDep()[pri:0, instance:com.genpact.stepdefinition.TestNG_Include_Exclude@2b71e916]" started-at="2023-11-24T18:41:42Z" name="TestCase_AddDep" finished-at="2023-11-24T18:41:42Z" duration-ms="7" status="PASS">
          <reporter-output>
          </reporter-output>
        </test-method> <!-- TestCase_AddDep -->
        <test-method signature="TestCase_AddLocation()[pri:1, instance:com.genpact.stepdefinition.TestNG_Include_Exclude@2b71e916]" started-at="2023-11-24T18:41:42Z" name="TestCase_AddLocation" finished-at="2023-11-24T18:41:42Z" duration-ms="0" status="PASS">
          <reporter-output>
          </reporter-output>
        </test-method> <!-- TestCase_AddLocation -->
      </class> <!-- com.genpact.stepdefinition.TestNG_Include_Exclude -->
    </test> <!-- Test -->
  </suite> <!-- Suite -->
</testng-results>
