<?xml version="1.0" encoding="UTF-8"?>
<testng-results ignored="0" total="2" passed="2" failed="0" skipped="0">
  <reporter-output>
  </reporter-output>
  <suite started-at="2023-11-23T17:32:37Z" name="Suite" finished-at="2023-11-23T17:32:53Z" duration-ms="15975">
    <groups>
    </groups>
    <test started-at="2023-11-23T17:32:37Z" name="Test1" finished-at="2023-11-23T17:32:53Z" duration-ms="15975">
      <class name="com.genpact.stepdefinition.TestNG_Test_Listeners">
        <test-method signature="Open_Browser()[pri:1, instance:com.genpact.stepdefinition.TestNG_Test_Listeners@175c2241]" started-at="2023-11-23T17:32:37Z" name="Open_Browser" finished-at="2023-11-23T17:32:43Z" duration-ms="5430" status="PASS">
          <reporter-output>
          </reporter-output>
        </test-method> <!-- Open_Browser -->
        <test-method signature="Valid_Login()[pri:2, instance:com.genpact.stepdefinition.TestNG_Test_Listeners@175c2241]" started-at="2023-11-23T17:32:43Z" name="Valid_Login" finished-at="2023-11-23T17:32:53Z" duration-ms="10520" status="PASS">
          <reporter-output>
          </reporter-output>
        </test-method> <!-- Valid_Login -->
      </class> <!-- com.genpact.stepdefinition.TestNG_Test_Listeners -->
    </test> <!-- Test1 -->
  </suite> <!-- Suite -->
</testng-results>
